[2019-11-20 18:57:38.785] [exthost] [info] extension host started
[2019-11-20 18:57:39.002] [exthost] [info] ExtensionService#_doActivateExtension vscode.debug-auto-launch {"startup":true,"extensionId":{"value":"vscode.debug-auto-launch","_lower":"vscode.debug-auto-launch"},"activationEvent":"*"}
[2019-11-20 18:57:39.003] [exthost] [info] ExtensionService#loadCommonJSModule file:///usr/share/code/resources/app/extensions/debug-auto-launch/dist/extension
[2019-11-20 18:57:39.097] [exthost] [info] ExtensionService#_doActivateExtension vscode.emmet {"startup":true,"extensionId":{"value":"vscode.emmet","_lower":"vscode.emmet"},"activationEvent":"*"}
[2019-11-20 18:57:39.097] [exthost] [info] ExtensionService#loadCommonJSModule file:///usr/share/code/resources/app/extensions/emmet/dist/extension
[2019-11-20 18:57:39.230] [exthost] [info] ExtensionService#_doActivateExtension vscode.git {"startup":true,"extensionId":{"value":"vscode.git","_lower":"vscode.git"},"activationEvent":"*"}
[2019-11-20 18:57:39.230] [exthost] [info] ExtensionService#loadCommonJSModule file:///usr/share/code/resources/app/extensions/git/dist/main
[2019-11-20 18:57:39.470] [exthost] [info] ExtensionService#_doActivateExtension vscode.merge-conflict {"startup":true,"extensionId":{"value":"vscode.merge-conflict","_lower":"vscode.merge-conflict"},"activationEvent":"*"}
[2019-11-20 18:57:39.477] [exthost] [info] ExtensionService#loadCommonJSModule file:///usr/share/code/resources/app/extensions/merge-conflict/dist/extension
[2019-11-20 18:57:39.505] [exthost] [info] eager extensions activated
[2019-11-20 18:57:56.902] [exthost] [info] extension host started
[2019-11-20 18:57:57.135] [exthost] [info] ExtensionService#_doActivateExtension vscode.debug-auto-launch {"startup":true,"extensionId":{"value":"vscode.debug-auto-launch","_lower":"vscode.debug-auto-launch"},"activationEvent":"*"}
[2019-11-20 18:57:57.135] [exthost] [info] ExtensionService#loadCommonJSModule file:///usr/share/code/resources/app/extensions/debug-auto-launch/dist/extension
[2019-11-20 18:57:57.152] [exthost] [info] ExtensionService#_doActivateExtension vscode.emmet {"startup":true,"extensionId":{"value":"vscode.emmet","_lower":"vscode.emmet"},"activationEvent":"*"}
[2019-11-20 18:57:57.166] [exthost] [info] ExtensionService#loadCommonJSModule file:///usr/share/code/resources/app/extensions/emmet/dist/extension
[2019-11-20 18:57:57.243] [exthost] [info] ExtensionService#_doActivateExtension vscode.git {"startup":true,"extensionId":{"value":"vscode.git","_lower":"vscode.git"},"activationEvent":"*"}
[2019-11-20 18:57:57.256] [exthost] [info] ExtensionService#loadCommonJSModule file:///usr/share/code/resources/app/extensions/git/dist/main
[2019-11-20 18:57:57.339] [exthost] [info] ExtensionService#_doActivateExtension vscode.merge-conflict {"startup":true,"extensionId":{"value":"vscode.merge-conflict","_lower":"vscode.merge-conflict"},"activationEvent":"*"}
[2019-11-20 18:57:57.356] [exthost] [info] ExtensionService#loadCommonJSModule file:///usr/share/code/resources/app/extensions/merge-conflict/dist/extension
[2019-11-20 18:57:57.538] [exthost] [info] eager extensions activated
[2019-11-20 18:59:04.564] [exthost] [info] ExtensionService#_doActivateExtension ms-vscode.Go {"startup":false,"extensionId":{"value":"ms-vscode.Go","_lower":"ms-vscode.go"},"activationEvent":"onLanguage:go"}
[2019-11-20 18:59:04.564] [exthost] [info] ExtensionService#loadCommonJSModule file:///root/.vscode/extensions/ms-vscode.go-0.11.9/out/src/goMain
[2019-11-20 19:07:57.856] [exthost] [info] ExtensionService#_doActivateExtension vscode.configuration-editing {"startup":false,"extensionId":{"value":"vscode.configuration-editing","_lower":"vscode.configuration-editing"},"activationEvent":"onLanguage:jsonc"}
[2019-11-20 19:07:57.856] [exthost] [info] ExtensionService#loadCommonJSModule file:///usr/share/code/resources/app/extensions/configuration-editing/dist/extension
[2019-11-20 19:07:57.872] [exthost] [info] ExtensionService#_doActivateExtension vscode.json-language-features {"startup":false,"extensionId":{"value":"vscode.json-language-features","_lower":"vscode.json-language-features"},"activationEvent":"onLanguage:jsonc"}
[2019-11-20 19:07:57.872] [exthost] [info] ExtensionService#loadCommonJSModule file:///usr/share/code/resources/app/extensions/json-language-features/client/dist/jsonMain
[2019-11-20 19:07:57.959] [exthost] [info] ExtensionService#_doActivateExtension vscode.typescript-language-features {"startup":false,"extensionId":{"value":"vscode.typescript-language-features","_lower":"vscode.typescript-language-features"},"activationEvent":"onLanguage:jsonc"}
[2019-11-20 19:07:57.959] [exthost] [info] ExtensionService#loadCommonJSModule file:///usr/share/code/resources/app/extensions/typescript-language-features/dist/extension
[2019-11-20 19:27:45.984] [exthost] [info] ExtensionService#_doActivateExtension vscode.extension-editing {"startup":false,"extensionId":{"value":"vscode.extension-editing","_lower":"vscode.extension-editing"},"activationEvent":"onLanguage:markdown"}
[2019-11-20 19:27:45.985] [exthost] [info] ExtensionService#loadCommonJSModule file:///usr/share/code/resources/app/extensions/extension-editing/dist/extension
[2019-11-20 19:27:46.042] [exthost] [info] ExtensionService#_doActivateExtension vscode.markdown-language-features {"startup":false,"extensionId":{"value":"vscode.markdown-language-features","_lower":"vscode.markdown-language-features"},"activationEvent":"onLanguage:markdown"}
[2019-11-20 19:27:46.043] [exthost] [info] ExtensionService#loadCommonJSModule file:///usr/share/code/resources/app/extensions/markdown-language-features/dist/extension
[2019-11-20 20:27:06.677] [exthost] [error] [ms-vscode.Go] provider FAILED
[2019-11-20 20:27:06.680] [exthost] [error] undefined
[2019-11-20 20:27:24.316] [exthost] [error] [ms-vscode.Go] provider FAILED
[2019-11-20 20:27:24.316] [exthost] [error] undefined
[2019-11-20 20:27:37.340] [exthost] [error] [ms-vscode.Go] provider FAILED
[2019-11-20 20:27:37.340] [exthost] [error] undefined
[2019-11-20 20:27:40.992] [exthost] [error] [ms-vscode.Go] provider FAILED
[2019-11-20 20:27:40.992] [exthost] [error] undefined
[2019-11-20 20:27:57.624] [exthost] [error] [ms-vscode.Go] provider FAILED
[2019-11-20 20:27:57.624] [exthost] [error] undefined
[2019-11-20 20:28:05.726] [exthost] [error] [ms-vscode.Go] provider FAILED
[2019-11-20 20:28:05.726] [exthost] [error] undefined
[2019-11-20 20:28:18.555] [exthost] [error] [ms-vscode.Go] provider FAILED
[2019-11-20 20:28:18.555] [exthost] [error] undefined
[2019-11-20 20:28:25.002] [exthost] [error] [ms-vscode.Go] provider FAILED
[2019-11-20 20:28:25.002] [exthost] [error] undefined
[2019-11-20 20:31:51.246] [exthost] [error] [ms-vscode.Go] provider FAILED
[2019-11-20 20:31:51.246] [exthost] [error] undefined
[2019-11-20 21:36:06.979] [exthost] [error] [ms-vscode.Go] provider FAILED
[2019-11-20 21:36:06.979] [exthost] [error] undefined
[2019-11-20 21:36:09.318] [exthost] [error] [ms-vscode.Go] provider FAILED
[2019-11-20 21:36:09.318] [exthost] [error] undefined
[2019-11-20 21:36:10.134] [exthost] [error] [ms-vscode.Go] provider FAILED
[2019-11-20 21:36:10.134] [exthost] [error] undefined
[2019-11-20 21:36:12.958] [exthost] [error] [ms-vscode.Go] provider FAILED
[2019-11-20 21:36:12.958] [exthost] [error] undefined
[2019-11-20 21:38:15.599] [exthost] [error] [ms-vscode.Go] provider FAILED
[2019-11-20 21:38:15.599] [exthost] [error] undefined
[2019-11-20 21:38:15.933] [exthost] [error] [ms-vscode.Go] provider FAILED
[2019-11-20 21:38:15.933] [exthost] [error] undefined
[2019-11-20 21:38:16.084] [exthost] [error] [ms-vscode.Go] provider FAILED
[2019-11-20 21:38:16.084] [exthost] [error] undefined
[2019-11-20 21:38:16.230] [exthost] [error] [ms-vscode.Go] provider FAILED
[2019-11-20 21:38:16.230] [exthost] [error] undefined
[2019-11-20 21:38:46.245] [exthost] [error] [ms-vscode.Go] provider FAILED
[2019-11-20 21:38:46.245] [exthost] [error] undefined
[2019-11-20 21:38:46.380] [exthost] [error] [ms-vscode.Go] provider FAILED
[2019-11-20 21:38:46.380] [exthost] [error] undefined
[2019-11-20 21:38:58.057] [exthost] [error] [ms-vscode.Go] provider FAILED
[2019-11-20 21:38:58.057] [exthost] [error] undefined
[2019-11-20 21:39:02.450] [exthost] [error] [ms-vscode.Go] provider FAILED
[2019-11-20 21:39:02.450] [exthost] [error] undefined
[2019-11-20 21:39:06.033] [exthost] [error] [ms-vscode.Go] provider FAILED
[2019-11-20 21:39:06.033] [exthost] [error] undefined
[2019-11-20 21:39:08.961] [exthost] [error] [ms-vscode.Go] provider FAILED
[2019-11-20 21:39:08.961] [exthost] [error] undefined
[2019-11-20 21:39:10.628] [exthost] [error] [ms-vscode.Go] provider FAILED
[2019-11-20 21:39:10.628] [exthost] [error] undefined
[2019-11-20 21:39:13.093] [exthost] [error] [ms-vscode.Go] provider FAILED
[2019-11-20 21:39:13.093] [exthost] [error] undefined
[2019-11-20 21:39:16.202] [exthost] [error] [ms-vscode.Go] provider FAILED
[2019-11-20 21:39:16.202] [exthost] [error] undefined
[2019-11-20 21:39:19.487] [exthost] [error] [ms-vscode.Go] provider FAILED
[2019-11-20 21:39:19.487] [exthost] [error] undefined
[2019-11-20 21:39:23.774] [exthost] [error] [ms-vscode.Go] provider FAILED
[2019-11-20 21:39:23.774] [exthost] [error] undefined
[2019-11-20 21:39:25.540] [exthost] [error] [ms-vscode.Go] provider FAILED
[2019-11-20 21:39:25.540] [exthost] [error] undefined
[2019-11-20 21:39:27.500] [exthost] [error] [ms-vscode.Go] provider FAILED
[2019-11-20 21:39:27.500] [exthost] [error] undefined
[2019-11-20 21:39:29.406] [exthost] [error] [ms-vscode.Go] provider FAILED
[2019-11-20 21:39:29.406] [exthost] [error] undefined
[2019-11-22 18:24:35.404] [exthost] [error] [ms-vscode.Go] provider FAILED
[2019-11-22 18:24:35.405] [exthost] [error] undefined
[2019-11-22 18:24:40.671] [exthost] [error] [ms-vscode.Go] provider FAILED
[2019-11-22 18:24:40.671] [exthost] [error] undefined
[2019-11-22 18:24:42.038] [exthost] [error] [ms-vscode.Go] provider FAILED
[2019-11-22 18:24:42.040] [exthost] [error] undefined
[2019-11-22 18:25:45.344] [exthost] [error] [ms-vscode.Go] provider FAILED
[2019-11-22 18:25:45.344] [exthost] [error] undefined
[2019-11-22 18:26:21.507] [exthost] [error] [ms-vscode.Go] provider FAILED
[2019-11-22 18:26:21.507] [exthost] [error] undefined
[2019-11-22 18:26:34.970] [exthost] [error] [ms-vscode.Go] provider FAILED
[2019-11-22 18:26:34.970] [exthost] [error] undefined
[2019-11-22 18:28:55.846] [exthost] [error] [ms-vscode.Go] provider FAILED
[2019-11-22 18:28:55.846] [exthost] [error] undefined
[2019-11-22 18:28:56.955] [exthost] [error] [ms-vscode.Go] provider FAILED
[2019-11-22 18:28:56.955] [exthost] [error] undefined
[2019-11-22 18:28:58.802] [exthost] [error] [ms-vscode.Go] provider FAILED
[2019-11-22 18:28:58.802] [exthost] [error] undefined
[2019-11-22 18:29:00.202] [exthost] [error] [ms-vscode.Go] provider FAILED
[2019-11-22 18:29:00.202] [exthost] [error] undefined
[2019-11-22 18:31:20.251] [exthost] [error] [ms-vscode.Go] provider FAILED
[2019-11-22 18:31:20.251] [exthost] [error] undefined
[2019-11-22 18:31:20.784] [exthost] [error] [ms-vscode.Go] provider FAILED
[2019-11-22 18:31:20.784] [exthost] [error] undefined
[2019-11-22 22:48:01.630] [exthost] [error] [ms-vscode.Go] provider FAILED
[2019-11-22 22:48:01.630] [exthost] [error] undefined
[2019-11-22 22:48:03.456] [exthost] [error] [ms-vscode.Go] provider FAILED
[2019-11-22 22:48:03.456] [exthost] [error] undefined
[2019-11-22 22:48:06.104] [exthost] [error] [ms-vscode.Go] provider FAILED
[2019-11-22 22:48:06.104] [exthost] [error] undefined
[2019-11-22 22:48:10.681] [exthost] [error] [ms-vscode.Go] provider FAILED
[2019-11-22 22:48:10.681] [exthost] [error] undefined
[2019-11-23 17:20:18.072] [exthost] [error] [ms-vscode.Go] provider FAILED
[2019-11-23 17:20:18.072] [exthost] [error] undefined
[2019-11-23 17:20:19.833] [exthost] [error] [ms-vscode.Go] provider FAILED
[2019-11-23 17:20:19.833] [exthost] [error] undefined
[2019-11-23 17:20:22.700] [exthost] [error] [ms-vscode.Go] provider FAILED
[2019-11-23 17:20:22.700] [exthost] [error] undefined
